{"name": "Тест увеличения счётчика выполненных заказов за сегодня", "status": "broken", "statusDetails": {"message": "selenium.common.exceptions.NoSuchWindowException: Message: Browsing context has been discarded\nStacktrace:\nRemoteError@chrome://remote/content/shared/RemoteError.sys.mjs:8:8\nWebDriverError@chrome://remote/content/shared/webdriver/Errors.sys.mjs:193:5\nNoSuchWindowError@chrome://remote/content/shared/webdriver/Errors.sys.mjs:679:5\nassert.that/<@chrome://remote/content/shared/webdriver/Assert.sys.mjs:515:13\nassert.open@chrome://remote/content/shared/webdriver/Assert.sys.mjs:147:4\nGeckoDriver.prototype.execute_@chrome://remote/content/marionette/driver.sys.mjs:788:15\nGeckoDriver.prototype.executeScript@chrome://remote/content/marionette/driver.sys.mjs:700:15\ndespatch@chrome://remote/content/marionette/server.sys.mjs:318:40\nexecute@chrome://remote/content/marionette/server.sys.mjs:289:16\nonPacket/<@chrome://remote/content/marionette/server.sys.mjs:262:20\nonPacket@chrome://remote/content/marionette/server.sys.mjs:263:9\n_onJSONObjectReady/<@chrome://remote/content/marionette/transport.sys.mjs:494:20", "trace": "self = <tests.test_order_page.TestOrderCounters object at 0x1062b4bf0>\nbrowser = <selenium.webdriver.firefox.webdriver.WebDriver (session=\"07f4a964-f68f-47e3-98cb-c72681fd23f1\")>\ntest_user = {'tokens': {'accessToken': 'Bearer eyJhbGciOiJIUzI1NiIsInR5cCI6IkpXVCJ9.eyJpZCI6IjY3NGY3NjI0OWVkMjgwMDAxYjUzMDBmZiIsIm...name': 'User_usOGQ'}}, 'user': {'email': '9tlxcm1x@example.com', 'name': 'User_usOGQ', 'password': 'test_password123'}}\n\n    @allure.title(\"Тест увеличения счётчика выполненных заказов за сегодня\")\n    def test_completed_orders_today_increase(self, browser, test_user):\n        order_page = OrderPage(browser)\n    \n        with allure.step(\"Открытие страницы ленты заказов\"):\n>           order_page.open_feed_page()\n\ntests/test_order_page.py:67: \n_ _ _ _ _ _ _ _ _ _ _ _ _ _ _ _ _ _ _ _ _ _ _ _ _ _ _ _ _ _ _ _ _ _ _ _ _ _ _ _ _ _ _ _ _ _ _ _ _ _ _ _ _ _ _ _ _ _ _ _ _ _ _ _ _ _ _ _ _ _ _ _ _ _ _ _ _ _ _ _ _ \npages/order_page.py:40: in open_feed_page\n    self.open_url(\"https://stellarburgers.nomoreparties.site/feed\")\npages/base_page.py:42: in open_url\n    self.wait_for_page_load()\npages/base_page.py:45: in wait_for_page_load\n    self.wait.until(lambda driver: driver.execute_script(\"return document.readyState\") == \"complete\")\n../../../Diplom/Diplom_3/.venv/lib/python3.12/site-packages/selenium/webdriver/support/wait.py:96: in until\n    value = method(self._driver)\npages/base_page.py:45: in <lambda>\n    self.wait.until(lambda driver: driver.execute_script(\"return document.readyState\") == \"complete\")\n../../../Diplom/Diplom_3/.venv/lib/python3.12/site-packages/selenium/webdriver/remote/webdriver.py:444: in execute_script\n    return self.execute(command, {\"script\": script, \"args\": converted_args})[\"value\"]\n../../../Diplom/Diplom_3/.venv/lib/python3.12/site-packages/selenium/webdriver/remote/webdriver.py:384: in execute\n    self.error_handler.check_response(response)\n_ _ _ _ _ _ _ _ _ _ _ _ _ _ _ _ _ _ _ _ _ _ _ _ _ _ _ _ _ _ _ _ _ _ _ _ _ _ _ _ _ _ _ _ _ _ _ _ _ _ _ _ _ _ _ _ _ _ _ _ _ _ _ _ _ _ _ _ _ _ _ _ _ _ _ _ _ _ _ _ _ \n\nself = <selenium.webdriver.remote.errorhandler.ErrorHandler object at 0x10622a480>\nresponse = {'status': 404, 'value': '{\"value\":{\"error\":\"no such window\",\"message\":\"Browsing context has been discarded\",\"stacktra...ionette/server.sys.mjs:263:9\\\\n_onJSONObjectReady/<@chrome://remote/content/marionette/transport.sys.mjs:494:20\\\\n\"}}'}\n\n    def check_response(self, response: Dict[str, Any]) -> None:\n        \"\"\"Checks that a JSON response from the WebDriver does not have an\n        error.\n    \n        :Args:\n         - response - The JSON response from the WebDriver server as a dictionary\n           object.\n    \n        :Raises: If the response contains an error message.\n        \"\"\"\n        status = response.get(\"status\", None)\n        if not status or status == ErrorCode.SUCCESS:\n            return\n        value = None\n        message = response.get(\"message\", \"\")\n        screen: str = response.get(\"screen\", \"\")\n        stacktrace = None\n        if isinstance(status, int):\n            value_json = response.get(\"value\", None)\n            if value_json and isinstance(value_json, str):\n                import json\n    \n                try:\n                    value = json.loads(value_json)\n                    if len(value) == 1:\n                        value = value[\"value\"]\n                    status = value.get(\"error\", None)\n                    if not status:\n                        status = value.get(\"status\", ErrorCode.UNKNOWN_ERROR)\n                        message = value.get(\"value\") or value.get(\"message\")\n                        if not isinstance(message, str):\n                            value = message\n                            message = message.get(\"message\")\n                    else:\n                        message = value.get(\"message\", None)\n                except ValueError:\n                    pass\n    \n        exception_class: Type[WebDriverException]\n        e = ErrorCode()\n        error_codes = [item for item in dir(e) if not item.startswith(\"__\")]\n        for error_code in error_codes:\n            error_info = getattr(ErrorCode, error_code)\n            if isinstance(error_info, list) and status in error_info:\n                exception_class = getattr(ExceptionMapping, error_code, WebDriverException)\n                break\n        else:\n            exception_class = WebDriverException\n    \n        if not value:\n            value = response[\"value\"]\n        if isinstance(value, str):\n            raise exception_class(value)\n        if message == \"\" and \"message\" in value:\n            message = value[\"message\"]\n    \n        screen = None  # type: ignore[assignment]\n        if \"screen\" in value:\n            screen = value[\"screen\"]\n    \n        stacktrace = None\n        st_value = value.get(\"stackTrace\") or value.get(\"stacktrace\")\n        if st_value:\n            if isinstance(st_value, str):\n                stacktrace = st_value.split(\"\\n\")\n            else:\n                stacktrace = []\n                try:\n                    for frame in st_value:\n                        line = frame.get(\"lineNumber\", \"\")\n                        file = frame.get(\"fileName\", \"<anonymous>\")\n                        if line:\n                            file = f\"{file}:{line}\"\n                        meth = frame.get(\"methodName\", \"<anonymous>\")\n                        if \"className\" in frame:\n                            meth = f\"{frame['className']}.{meth}\"\n                        msg = \"    at %s (%s)\"\n                        msg = msg % (meth, file)\n                        stacktrace.append(msg)\n                except TypeError:\n                    pass\n        if exception_class == UnexpectedAlertPresentException:\n            alert_text = None\n            if \"data\" in value:\n                alert_text = value[\"data\"].get(\"text\")\n            elif \"alert\" in value:\n                alert_text = value[\"alert\"].get(\"text\")\n            raise exception_class(message, screen, stacktrace, alert_text)  # type: ignore[call-arg]  # mypy is not smart enough here\n>       raise exception_class(message, screen, stacktrace)\nE       selenium.common.exceptions.NoSuchWindowException: Message: Browsing context has been discarded\nE       Stacktrace:\nE       RemoteError@chrome://remote/content/shared/RemoteError.sys.mjs:8:8\nE       WebDriverError@chrome://remote/content/shared/webdriver/Errors.sys.mjs:193:5\nE       NoSuchWindowError@chrome://remote/content/shared/webdriver/Errors.sys.mjs:679:5\nE       assert.that/<@chrome://remote/content/shared/webdriver/Assert.sys.mjs:515:13\nE       assert.open@chrome://remote/content/shared/webdriver/Assert.sys.mjs:147:4\nE       GeckoDriver.prototype.execute_@chrome://remote/content/marionette/driver.sys.mjs:788:15\nE       GeckoDriver.prototype.executeScript@chrome://remote/content/marionette/driver.sys.mjs:700:15\nE       despatch@chrome://remote/content/marionette/server.sys.mjs:318:40\nE       execute@chrome://remote/content/marionette/server.sys.mjs:289:16\nE       onPacket/<@chrome://remote/content/marionette/server.sys.mjs:262:20\nE       onPacket@chrome://remote/content/marionette/server.sys.mjs:263:9\nE       _onJSONObjectReady/<@chrome://remote/content/marionette/transport.sys.mjs:494:20\n\n../../../Diplom/Diplom_3/.venv/lib/python3.12/site-packages/selenium/webdriver/remote/errorhandler.py:232: NoSuchWindowException"}, "steps": [{"name": "Открытие страницы ленты заказов", "status": "broken", "statusDetails": {"message": "selenium.common.exceptions.NoSuchWindowException: Message: Browsing context has been discarded\nStacktrace:\nRemoteError@chrome://remote/content/shared/RemoteError.sys.mjs:8:8\nWebDriverError@chrome://remote/content/shared/webdriver/Errors.sys.mjs:193:5\nNoSuchWindowError@chrome://remote/content/shared/webdriver/Errors.sys.mjs:679:5\nassert.that/<@chrome://remote/content/shared/webdriver/Assert.sys.mjs:515:13\nassert.open@chrome://remote/content/shared/webdriver/Assert.sys.mjs:147:4\nGeckoDriver.prototype.execute_@chrome://remote/content/marionette/driver.sys.mjs:788:15\nGeckoDriver.prototype.executeScript@chrome://remote/content/marionette/driver.sys.mjs:700:15\ndespatch@chrome://remote/content/marionette/server.sys.mjs:318:40\nexecute@chrome://remote/content/marionette/server.sys.mjs:289:16\nonPacket/<@chrome://remote/content/marionette/server.sys.mjs:262:20\nonPacket@chrome://remote/content/marionette/server.sys.mjs:263:9\n_onJSONObjectReady/<@chrome://remote/content/marionette/transport.sys.mjs:494:20\n\n", "trace": "  File \"/Users/usermac/PycharmProjects/yandex_link/Diplom/Diplom_3/tests/test_order_page.py\", line 67, in test_completed_orders_today_increase\n    order_page.open_feed_page()\n  File \"/Users/usermac/PycharmProjects/Diplom/Diplom_3/.venv/lib/python3.12/site-packages/allure_commons/_allure.py\", line 192, in impl\n    return func(*a, **kw)\n           ^^^^^^^^^^^^^^\n  File \"/Users/usermac/PycharmProjects/yandex_link/Diplom/Diplom_3/pages/order_page.py\", line 40, in open_feed_page\n    self.open_url(\"https://stellarburgers.nomoreparties.site/feed\")\n  File \"/Users/usermac/PycharmProjects/yandex_link/Diplom/Diplom_3/pages/base_page.py\", line 42, in open_url\n    self.wait_for_page_load()\n  File \"/Users/usermac/PycharmProjects/yandex_link/Diplom/Diplom_3/pages/base_page.py\", line 45, in wait_for_page_load\n    self.wait.until(lambda driver: driver.execute_script(\"return document.readyState\") == \"complete\")\n  File \"/Users/usermac/PycharmProjects/Diplom/Diplom_3/.venv/lib/python3.12/site-packages/selenium/webdriver/support/wait.py\", line 96, in until\n    value = method(self._driver)\n            ^^^^^^^^^^^^^^^^^^^^\n  File \"/Users/usermac/PycharmProjects/yandex_link/Diplom/Diplom_3/pages/base_page.py\", line 45, in <lambda>\n    self.wait.until(lambda driver: driver.execute_script(\"return document.readyState\") == \"complete\")\n                                   ^^^^^^^^^^^^^^^^^^^^^^^^^^^^^^^^^^^^^^^^^^^^^^^^^^^\n  File \"/Users/usermac/PycharmProjects/Diplom/Diplom_3/.venv/lib/python3.12/site-packages/selenium/webdriver/remote/webdriver.py\", line 444, in execute_script\n    return self.execute(command, {\"script\": script, \"args\": converted_args})[\"value\"]\n           ^^^^^^^^^^^^^^^^^^^^^^^^^^^^^^^^^^^^^^^^^^^^^^^^^^^^^^^^^^^^^^^^^\n  File \"/Users/usermac/PycharmProjects/Diplom/Diplom_3/.venv/lib/python3.12/site-packages/selenium/webdriver/remote/webdriver.py\", line 384, in execute\n    self.error_handler.check_response(response)\n  File \"/Users/usermac/PycharmProjects/Diplom/Diplom_3/.venv/lib/python3.12/site-packages/selenium/webdriver/remote/errorhandler.py\", line 232, in check_response\n    raise exception_class(message, screen, stacktrace)\n"}, "steps": [{"name": "Открытие страницы ленты заказов", "status": "broken", "statusDetails": {"message": "selenium.common.exceptions.NoSuchWindowException: Message: Browsing context has been discarded\nStacktrace:\nRemoteError@chrome://remote/content/shared/RemoteError.sys.mjs:8:8\nWebDriverError@chrome://remote/content/shared/webdriver/Errors.sys.mjs:193:5\nNoSuchWindowError@chrome://remote/content/shared/webdriver/Errors.sys.mjs:679:5\nassert.that/<@chrome://remote/content/shared/webdriver/Assert.sys.mjs:515:13\nassert.open@chrome://remote/content/shared/webdriver/Assert.sys.mjs:147:4\nGeckoDriver.prototype.execute_@chrome://remote/content/marionette/driver.sys.mjs:788:15\nGeckoDriver.prototype.executeScript@chrome://remote/content/marionette/driver.sys.mjs:700:15\ndespatch@chrome://remote/content/marionette/server.sys.mjs:318:40\nexecute@chrome://remote/content/marionette/server.sys.mjs:289:16\nonPacket/<@chrome://remote/content/marionette/server.sys.mjs:262:20\nonPacket@chrome://remote/content/marionette/server.sys.mjs:263:9\n_onJSONObjectReady/<@chrome://remote/content/marionette/transport.sys.mjs:494:20\n\n", "trace": "  File \"/Users/usermac/PycharmProjects/Diplom/Diplom_3/.venv/lib/python3.12/site-packages/allure_commons/_allure.py\", line 192, in impl\n    return func(*a, **kw)\n           ^^^^^^^^^^^^^^\n  File \"/Users/usermac/PycharmProjects/yandex_link/Diplom/Diplom_3/pages/order_page.py\", line 40, in open_feed_page\n    self.open_url(\"https://stellarburgers.nomoreparties.site/feed\")\n  File \"/Users/usermac/PycharmProjects/yandex_link/Diplom/Diplom_3/pages/base_page.py\", line 42, in open_url\n    self.wait_for_page_load()\n  File \"/Users/usermac/PycharmProjects/yandex_link/Diplom/Diplom_3/pages/base_page.py\", line 45, in wait_for_page_load\n    self.wait.until(lambda driver: driver.execute_script(\"return document.readyState\") == \"complete\")\n  File \"/Users/usermac/PycharmProjects/Diplom/Diplom_3/.venv/lib/python3.12/site-packages/selenium/webdriver/support/wait.py\", line 96, in until\n    value = method(self._driver)\n            ^^^^^^^^^^^^^^^^^^^^\n  File \"/Users/usermac/PycharmProjects/yandex_link/Diplom/Diplom_3/pages/base_page.py\", line 45, in <lambda>\n    self.wait.until(lambda driver: driver.execute_script(\"return document.readyState\") == \"complete\")\n                                   ^^^^^^^^^^^^^^^^^^^^^^^^^^^^^^^^^^^^^^^^^^^^^^^^^^^\n  File \"/Users/usermac/PycharmProjects/Diplom/Diplom_3/.venv/lib/python3.12/site-packages/selenium/webdriver/remote/webdriver.py\", line 444, in execute_script\n    return self.execute(command, {\"script\": script, \"args\": converted_args})[\"value\"]\n           ^^^^^^^^^^^^^^^^^^^^^^^^^^^^^^^^^^^^^^^^^^^^^^^^^^^^^^^^^^^^^^^^^\n  File \"/Users/usermac/PycharmProjects/Diplom/Diplom_3/.venv/lib/python3.12/site-packages/selenium/webdriver/remote/webdriver.py\", line 384, in execute\n    self.error_handler.check_response(response)\n  File \"/Users/usermac/PycharmProjects/Diplom/Diplom_3/.venv/lib/python3.12/site-packages/selenium/webdriver/remote/errorhandler.py\", line 232, in check_response\n    raise exception_class(message, screen, stacktrace)\n"}, "start": 1733260837365, "stop": 1733260847725}], "start": 1733260837365, "stop": 1733260847726}], "attachments": [{"name": "stdout", "source": "fedbe02d-b19d-4a92-af03-4e98d32f2e8f-attachment.txt", "type": "text/plain"}], "parameters": [{"name": "browser", "value": "'firefox'"}], "start": 1733260837365, "stop": 1733260847726, "uuid": "45b40b30-f2b9-4eb3-8070-31692edbedff", "historyId": "56ddbe33a764ef24127ee82ff3431ef7", "testCaseId": "6528cd92963e4f7e532ce5d32f045a34", "fullName": "tests.test_order_page.TestOrderCounters#test_completed_orders_today_increase", "labels": [{"name": "story", "value": "Счётчики выполненных заказов"}, {"name": "feature", "value": "Лента заказов"}, {"name": "parentSuite", "value": "tests"}, {"name": "suite", "value": "test_order_page"}, {"name": "subSuite", "value": "TestOrderCounters"}, {"name": "host", "value": "admins-MacBook-Pro.local"}, {"name": "thread", "value": "17756-MainThread"}, {"name": "framework", "value": "pytest"}, {"name": "language", "value": "cpython3"}, {"name": "package", "value": "tests.test_order_page"}]}