{"name": "Тест отображения нового заказа в разделе 'В работе'", "status": "failed", "statusDetails": {"message": "AssertionError: assert '0160915' in ['0160914']", "trace": "self = <tests.test_order_page.TestOrderStatus object at 0x1062b5040>\nbrowser = <selenium.webdriver.chrome.webdriver.WebDriver (session=\"44bc094258d6f2471b583eda73f7751e\")>\ntest_user = {'tokens': {'accessToken': 'Bearer eyJhbGciOiJIUzI1NiIsInR5cCI6IkpXVCJ9.eyJpZCI6IjY3NGY3NjNlOWVkMjgwMDAxYjUzMDEwYSIsIm...name': 'User_tYpXk'}}, 'user': {'email': 'djhjg5lc@example.com', 'name': 'User_tYpXk', 'password': 'test_password123'}}\n\n    @allure.title(\"Тест отображения нового заказа в разделе 'В работе'\")\n    def test_order_appears_in_progress(self, browser, test_user):\n        order_page = OrderPage(browser)\n    \n        with allure.step(\"Открытие страницы ленты заказов\"):\n            order_page.open_feed_page()\n    \n        with allure.step(\"Создание нового заказа через API\"):\n            ingredients = [\"61c0c5a71d1f82001bdaaa6c\", \"61c0c5a71d1f82001bdaaa73\"]\n            order_response = ApiHelpers.create_order(test_user[\"tokens\"][\"accessToken\"], ingredients)\n            new_order_number = f\"{int(order_response['order']['number']):07d}\"\n    \n        with allure.step(\"Получение всех заказов в разделе 'В работе'\"):\n            all_orders = order_page.get_all_orders_in_progress()\n>           assert new_order_number in all_orders\nE           AssertionError: assert '0160915' in ['0160914']\n\ntests/test_order_page.py:98: AssertionError"}, "steps": [{"name": "Открытие страницы ленты заказов", "status": "passed", "steps": [{"name": "Открытие страницы ленты заказов", "status": "passed", "start": 1733260863030, "stop": 1733260863623}], "start": 1733260863029, "stop": 1733260863623}, {"name": "Создание нового заказа через API", "status": "passed", "steps": [{"name": "Создание заказа с ингредиентами: ['61c0c5a71d1f82001bdaaa6c', '61c0c5a71d1f82001bdaaa73']", "status": "passed", "parameters": [{"name": "token", "value": "'Bearer eyJhbGciOiJIUzI1NiIsInR5cCI6IkpXVCJ9.eyJpZCI6IjY3NGY3NjNlOWVkMjgwMDAxYjUzMDEwYSIsImlhdCI6MTczMzI2MDg2MiwiZXhwIjoxNzMzMjYyMDYyfQ.xLZKw9Drk_Cl8Nm4ABJg3KsGvx1Ak60ugPsqvYCnU44'"}, {"name": "ingredients", "value": "['61c0c5a71d1f82001bdaaa6c', '61c0c5a71d1f82001bdaaa73']"}], "start": 1733260863623, "stop": 1733260865661}], "start": 1733260863623, "stop": 1733260865661}, {"name": "Получение всех заказов в разделе 'В работе'", "status": "failed", "statusDetails": {"message": "AssertionError: assert '0160915' in ['0160914']\n", "trace": "  File \"/Users/usermac/PycharmProjects/yandex_link/Diplom/Diplom_3/tests/test_order_page.py\", line 98, in test_order_appears_in_progress\n    assert new_order_number in all_orders\n"}, "steps": [{"name": "Получение списка всех заказов в процессе выполнения", "status": "passed", "start": 1733260865661, "stop": 1733260866200}], "start": 1733260865661, "stop": 1733260866200}], "attachments": [{"name": "stdout", "source": "28a32220-b4e8-48b1-aa52-bd9f0da6b3c7-attachment.txt", "type": "text/plain"}], "parameters": [{"name": "browser", "value": "'chrome'"}], "start": 1733260863029, "stop": 1733260866201, "uuid": "cc2fbc1b-f765-4967-8dad-0362109f9659", "historyId": "8b616b8824b528553acde419655f6ef8", "testCaseId": "fafdfa7046d5cdbb835611f504493430", "fullName": "tests.test_order_page.TestOrderStatus#test_order_appears_in_progress", "labels": [{"name": "story", "value": "Статус заказов"}, {"name": "feature", "value": "Лента заказов"}, {"name": "parentSuite", "value": "tests"}, {"name": "suite", "value": "test_order_page"}, {"name": "subSuite", "value": "TestOrderStatus"}, {"name": "host", "value": "admins-MacBook-Pro.local"}, {"name": "thread", "value": "17756-MainThread"}, {"name": "framework", "value": "pytest"}, {"name": "language", "value": "cpython3"}, {"name": "package", "value": "tests.test_order_page"}]}